<?xml version="1.0" encoding="UTF-8"?>
<!-- Generated by org.testng.reporters.JUnitXMLReporter -->
<testsuite ignored="0" hostname="DESKTOP-G25F7V2" failures="1" tests="2" name="azureTest" time="38.785" errors="0" timestamp="2023-01-18T22:29:11 IST">
  <testcase classname="testclass.TC_001_AccountRegistrationTest" name="test_account_Registration" time="2.374"/>
  <testcase classname="testclass.TC_002_LoginTest" name="test_Login" time="12.53">
    <failure type="java.lang.AssertionError" message="expected [true] but found [false]">
      <![CDATA[java.lang.AssertionError: expected [true] but found [false]
at testclass.TC_002_LoginTest.test_Login(TC_002_LoginTest.java:32)
at java.base/java.util.ArrayList.forEach(ArrayList.java:1511)
... Removed 31 stack frames]]>
    </failure>
  </testcase> <!-- test_Login -->
</testsuite> <!-- azureTest -->
