<?xml version="1.0" encoding="UTF-8"?>
<testng-results ignored="0" total="2" passed="2" failed="0" skipped="0">
  <reporter-output>
  </reporter-output>
  <suite started-at="2023-01-19T21:08:17 IST" name="azureSuite" finished-at="2023-01-19T21:08:36 IST" duration-ms="19441">
    <groups>
      <group name="Master">
        <method signature="TC_001_AccountRegistrationTest.test_account_Registration()[pri:0, instance:testclass.TC_001_AccountRegistrationTest@747ddf94]" name="test_account_Registration" class="testclass.TC_001_AccountRegistrationTest"/>
        <method signature="TC_002_LoginTest.test_Login()[pri:0, instance:testclass.TC_002_LoginTest@293a5bf6]" name="test_Login" class="testclass.TC_002_LoginTest"/>
      </group> <!-- Master -->
      <group name="Sanity">
        <method signature="TC_002_LoginTest.test_Login()[pri:0, instance:testclass.TC_002_LoginTest@293a5bf6]" name="test_Login" class="testclass.TC_002_LoginTest"/>
      </group> <!-- Sanity -->
      <group name="Regression">
        <method signature="TC_001_AccountRegistrationTest.test_account_Registration()[pri:0, instance:testclass.TC_001_AccountRegistrationTest@747ddf94]" name="test_account_Registration" class="testclass.TC_001_AccountRegistrationTest"/>
      </group> <!-- Regression -->
    </groups>
    <test started-at="2023-01-19T21:08:17 IST" name="azureTest" finished-at="2023-01-19T21:08:36 IST" duration-ms="19441">
      <class name="testclass.TC_002_LoginTest">
        <test-method is-config="true" signature="setup(java.lang.String)[pri:0, instance:testclass.TC_002_LoginTest@293a5bf6]" started-at="2023-01-19T21:08:26 IST" name="setup" finished-at="2023-01-19T21:08:31 IST" duration-ms="5245" status="PASS">
          <params>
            <param index="0">
              <value>
                <![CDATA[chrome]]>
              </value>
            </param>
          </params>
          <reporter-output>
          </reporter-output>
        </test-method> <!-- setup -->
        <test-method signature="test_Login()[pri:0, instance:testclass.TC_002_LoginTest@293a5bf6]" started-at="2023-01-19T21:08:31 IST" name="test_Login" finished-at="2023-01-19T21:08:36 IST" duration-ms="4836" status="PASS">
          <reporter-output>
          </reporter-output>
        </test-method> <!-- test_Login -->
        <test-method is-config="true" signature="tearDown()[pri:0, instance:testclass.TC_002_LoginTest@293a5bf6]" started-at="2023-01-19T21:08:36 IST" name="tearDown" finished-at="2023-01-19T21:08:36 IST" duration-ms="225" status="PASS">
          <reporter-output>
          </reporter-output>
        </test-method> <!-- tearDown -->
      </class> <!-- testclass.TC_002_LoginTest -->
      <class name="testclass.TC_001_AccountRegistrationTest">
        <test-method is-config="true" signature="setup(java.lang.String)[pri:0, instance:testclass.TC_001_AccountRegistrationTest@747ddf94]" started-at="2023-01-19T21:08:17 IST" name="setup" finished-at="2023-01-19T21:08:24 IST" duration-ms="6479" status="PASS">
          <params>
            <param index="0">
              <value>
                <![CDATA[chrome]]>
              </value>
            </param>
          </params>
          <reporter-output>
          </reporter-output>
        </test-method> <!-- setup -->
        <test-method signature="test_account_Registration()[pri:0, instance:testclass.TC_001_AccountRegistrationTest@747ddf94]" started-at="2023-01-19T21:08:24 IST" name="test_account_Registration" finished-at="2023-01-19T21:08:26 IST" duration-ms="2173" status="PASS">
          <reporter-output>
          </reporter-output>
        </test-method> <!-- test_account_Registration -->
        <test-method is-config="true" signature="tearDown()[pri:0, instance:testclass.TC_001_AccountRegistrationTest@747ddf94]" started-at="2023-01-19T21:08:26 IST" name="tearDown" finished-at="2023-01-19T21:08:26 IST" duration-ms="226" status="PASS">
          <reporter-output>
          </reporter-output>
        </test-method> <!-- tearDown -->
      </class> <!-- testclass.TC_001_AccountRegistrationTest -->
    </test> <!-- azureTest -->
  </suite> <!-- azureSuite -->
</testng-results>
