<?xml version="1.0" encoding="UTF-8"?>
<testng-results ignored="0" total="1" passed="1" failed="0" skipped="0">
  <reporter-output>
  </reporter-output>
  <suite started-at="2023-01-18T22:31:33 IST" name="Failed suite [azureSuite]" finished-at="2023-01-18T22:31:46 IST" duration-ms="13316">
    <groups>
      <group name="Master">
        <method signature="TC_002_LoginTest.test_Login()[pri:0, instance:testclass.TC_002_LoginTest@564fabc8]" name="test_Login" class="testclass.TC_002_LoginTest"/>
      </group> <!-- Master -->
      <group name="Sanity">
        <method signature="TC_002_LoginTest.test_Login()[pri:0, instance:testclass.TC_002_LoginTest@564fabc8]" name="test_Login" class="testclass.TC_002_LoginTest"/>
      </group> <!-- Sanity -->
    </groups>
    <test started-at="2023-01-18T22:31:33 IST" name="azureTest(failed)" finished-at="2023-01-18T22:31:46 IST" duration-ms="13316">
      <class name="testclass.TC_002_LoginTest">
        <test-method is-config="true" signature="setup(java.lang.String)[pri:0, instance:testclass.TC_002_LoginTest@564fabc8]" started-at="2023-01-18T22:31:33 IST" name="setup" finished-at="2023-01-18T22:31:41 IST" duration-ms="7651" status="PASS">
          <params>
            <param index="0">
              <value>
                <![CDATA[chrome]]>
              </value>
            </param>
          </params>
          <reporter-output>
          </reporter-output>
        </test-method> <!-- setup -->
        <test-method signature="test_Login()[pri:0, instance:testclass.TC_002_LoginTest@564fabc8]" started-at="2023-01-18T22:31:41 IST" name="test_Login" finished-at="2023-01-18T22:31:46 IST" duration-ms="5197" status="PASS">
          <reporter-output>
          </reporter-output>
        </test-method> <!-- test_Login -->
        <test-method is-config="true" signature="tearDown()[pri:0, instance:testclass.TC_002_LoginTest@564fabc8]" started-at="2023-01-18T22:31:46 IST" name="tearDown" finished-at="2023-01-18T22:31:46 IST" duration-ms="180" status="PASS">
          <reporter-output>
          </reporter-output>
        </test-method> <!-- tearDown -->
      </class> <!-- testclass.TC_002_LoginTest -->
    </test> <!-- azureTest(failed) -->
  </suite> <!-- Failed suite [azureSuite] -->
</testng-results>
